<?xml version="1.0" encoding="UTF-8"?>
<Site BuildName="Linux-cc"
	BuildStamp="20240815-2301-Experimental"
	Name="marc-Precision-7520"
	Generator="ctest-3.22.1"
	CompilerName=""
	CompilerVersion=""
	OSName="Linux"
	Hostname="marc-Precision-7520"
	OSRelease="6.5.0-45-generic"
	OSVersion="#45~22.04.1-Ubuntu SMP PREEMPT_DYNAMIC Mon Jul 15 16:40:02 UTC 2"
	OSPlatform="x86_64"
	Is64Bits="1"
	VendorString="GenuineIntel"
	VendorID="Intel Corporation"
	FamilyID="6"
	ModelID="158"
	ProcessorCacheSize="8192"
	NumberOfLogicalCPU="8"
	NumberOfPhysicalCPU="4"
	TotalVirtualMemory="2047"
	TotalPhysicalMemory="15583"
	LogicalProcessorsPerPhysical="2"
	ProcessorClockFrequency="2900.03"
	>
	<Testing>
		<StartDateTime>Aug 15 23:01 GMT</StartDateTime>
		<StartTestTime>1723762890</StartTestTime>
		<TestList/>
		<EndDateTime>Aug 15 23:01 GMT</EndDateTime>
		<EndTestTime>1723762890</EndTestTime>
		<ElapsedMinutes>0</ElapsedMinutes>
	</Testing>
</Site>
