<?xml version="1.0" encoding="UTF-8"?>
<Site BuildName="Linux-cc"
	BuildStamp="20241009-1856-Experimental"
	Name="marc-Precision-7520"
	Generator="ctest-3.22.1"
	CompilerName=""
	CompilerVersion=""
	OSName="Linux"
	Hostname="marc-Precision-7520"
	OSRelease="6.8.0-45-generic"
	OSVersion="#45~22.04.1-Ubuntu SMP PREEMPT_DYNAMIC Wed Sep 11 15:25:05 UTC 2"
	OSPlatform="x86_64"
	Is64Bits="1"
	VendorString="GenuineIntel"
	VendorID="Intel Corporation"
	FamilyID="6"
	ModelID="158"
	ProcessorCacheSize="8192"
	NumberOfLogicalCPU="8"
	NumberOfPhysicalCPU="4"
	TotalVirtualMemory="2047"
	TotalPhysicalMemory="15592"
	LogicalProcessorsPerPhysical="2"
	ProcessorClockFrequency="2900.01"
	>
	<Testing>
		<StartDateTime>Oct 09 18:56 GMT</StartDateTime>
		<StartTestTime>1728500194</StartTestTime>
		<TestList/>
		<EndDateTime>Oct 09 18:56 GMT</EndDateTime>
		<EndTestTime>1728500194</EndTestTime>
		<ElapsedMinutes>0</ElapsedMinutes>
	</Testing>
</Site>
