<?xml version="1.0" encoding="UTF-8"?>
<Site BuildName="Linux-cc"
	BuildStamp="20240902-0106-Experimental"
	Name="marc-Precision-7520"
	Generator="ctest-3.22.1"
	CompilerName=""
	CompilerVersion=""
	OSName="Linux"
	Hostname="marc-Precision-7520"
	OSRelease="6.8.0-40-generic"
	OSVersion="#40~22.04.3-Ubuntu SMP PREEMPT_DYNAMIC Tue Jul 30 17:30:19 UTC 2"
	OSPlatform="x86_64"
	Is64Bits="1"
	VendorString="GenuineIntel"
	VendorID="Intel Corporation"
	FamilyID="6"
	ModelID="158"
	ProcessorCacheSize="8192"
	NumberOfLogicalCPU="8"
	NumberOfPhysicalCPU="4"
	TotalVirtualMemory="2047"
	TotalPhysicalMemory="15592"
	LogicalProcessorsPerPhysical="2"
	ProcessorClockFrequency="2900.39"
	>
	<Testing>
		<StartDateTime>Sep 02 01:06 GMT</StartDateTime>
		<StartTestTime>1725239170</StartTestTime>
		<TestList/>
		<EndDateTime>Sep 02 01:06 GMT</EndDateTime>
		<EndTestTime>1725239170</EndTestTime>
		<ElapsedMinutes>0</ElapsedMinutes>
	</Testing>
</Site>
